<?xml version="1.0" encoding="UTF-8"?>
<testsuite name="org.example.thread.ThreadTest" tests="1" skipped="0" failures="0" errors="0" timestamp="2024-04-13T07:39:54" hostname="lsangmui-MacBookAir.local" time="0.009">
  <properties/>
  <testcase name="Thread Group" classname="org.example.thread.ThreadTest" time="0.009"/>
  <system-out><![CDATA[16:39:54.562 [Test worker] INFO org.example.thread.ThreadTest -- thread name : Test worker
16:39:54.563 [Test worker] INFO org.example.thread.ThreadTest -- thread group : main
16:39:54.563 [Thread-3] INFO org.example.thread.ThreadTest -- Wating name : 1 / customThread name : Thread-3 / group : main
16:39:54.564 [Thread-4] INFO org.example.thread.ThreadTest -- Wating name : 2 / customThread name : Thread-4 / group : main
16:39:54.564 [Thread-6] INFO org.example.thread.ThreadTest -- Wating name : 4 / customThread name : Thread-6 / group : new Group
16:39:54.564 [Thread-5] INFO org.example.thread.ThreadTest -- Wating name : 3 / customThread name : Thread-5 / group : new Group
16:39:54.564 [Thread-7] INFO org.example.thread.ThreadTest -- Wating name : 5 / customThread name : Thread-7 / group : new Group
16:39:54.564 [Thread-6] INFO org.example.thread.ThreadTest -- InterruptedException!!!
16:39:54.564 [Thread-6] INFO org.example.thread.ThreadTest -- Wating name : 4 finish
16:39:54.564 [Thread-3] INFO org.example.thread.ThreadTest -- InterruptedException!!!
16:39:54.564 [Thread-3] INFO org.example.thread.ThreadTest -- Wating name : 1 finish
16:39:54.564 [Thread-5] INFO org.example.thread.ThreadTest -- InterruptedException!!!
16:39:54.564 [Thread-5] INFO org.example.thread.ThreadTest -- Wating name : 3 finish
16:39:54.564 [Thread-7] INFO org.example.thread.ThreadTest -- InterruptedException!!!
16:39:54.565 [Thread-7] INFO org.example.thread.ThreadTest -- Wating name : 5 finish
]]></system-out>
  <system-err><![CDATA[]]></system-err>
</testsuite>
